<?xml version="1.0" encoding="UTF-8" ?>
<testsuite failures="0" time="0.004" errors="0" skipped="0" tests="10" name="com.manifestcorp.IQityDiceGameAssessment.DiceScoreTest">
  <properties>
    <property name="java.runtime.name" value="Java(TM) SE Runtime Environment"/>
    <property name="sun.boot.library.path" value="C:\devl\java\jdk1.7.0_79\jre\bin"/>
    <property name="java.vm.version" value="24.79-b02"/>
    <property name="java.vm.vendor" value="Oracle Corporation"/>
    <property name="maven.multiModuleProjectDirectory" value="C:\devl\workspaces\labs\IQityDiceGameAssessment\IQityDiceGameAssessment"/>
    <property name="java.vendor.url" value="http://java.oracle.com/"/>
    <property name="path.separator" value=";"/>
    <property name="guice.disable.misplaced.annotation.check" value="true"/>
    <property name="java.vm.name" value="Java HotSpot(TM) 64-Bit Server VM"/>
    <property name="file.encoding.pkg" value="sun.io"/>
    <property name="user.script" value=""/>
    <property name="user.country" value="US"/>
    <property name="sun.java.launcher" value="SUN_STANDARD"/>
    <property name="sun.os.patch.level" value=""/>
    <property name="java.vm.specification.name" value="Java Virtual Machine Specification"/>
    <property name="user.dir" value="C:\devl\workspaces\labs\IQityDiceGameAssessment\IQityDiceGameAssessment"/>
    <property name="java.runtime.version" value="1.7.0_79-b15"/>
    <property name="java.awt.graphicsenv" value="sun.awt.Win32GraphicsEnvironment"/>
    <property name="java.endorsed.dirs" value="C:\devl\java\jdk1.7.0_79\jre\lib\endorsed"/>
    <property name="os.arch" value="amd64"/>
    <property name="java.io.tmpdir" value="C:\Users\Manifest\AppData\Local\Temp\"/>
    <property name="line.separator" value="
"/>
    <property name="java.vm.specification.vendor" value="Oracle Corporation"/>
    <property name="user.variant" value=""/>
    <property name="os.name" value="Windows 8.1"/>
    <property name="classworlds.conf" value="C:\Users\Manifest\Documents\workspace-sts-3.8.2.RELEASE\.metadata\.plugins\org.eclipse.m2e.launching\launches\m2conf3776257222306719256.tmp"/>
    <property name="sun.jnu.encoding" value="Cp1252"/>
    <property name="java.library.path" value="C:\devl\java\jdk1.7.0_79\bin;C:\Windows\Sun\Java\bin;C:\Windows\system32;C:\Windows;C:\devl\workspaces\Python2.7\;C:\devl\workspaces\Python2.7\Scripts;C:\ProgramData\Oracle\Java\javapath;C:\Program Files (x86)\NVIDIA Corporation\PhysX\Common;C:\Windows\system32;C:\Windows;C:\Windows\System32\Wbem;C:\Windows\System32\WindowsPowerShell\v1.0\;C:\Windows\system32\config\systemprofile\.dnx\bin;C:\Program Files\Microsoft DNX\Dnvm\;C:\Program Files\Microsoft SQL Server\130\Tools\Binn\;C:\Program Files\MySQL\MySQL Utilities 1.6\;C:\devl\workspaces\;C:\PROGRA~2\Groovy\GROOVY~1.7\bin;C:\Program Files\Git\cmd;C:\Program Files (x86)\Windows Kits\8.1\Windows Performance Toolkit\;C:\RailsInstaller\Git\cmd;C:\RailsInstaller\Ruby2.2.0\bin;C:\devl\java\jdk1.8.0_111\bin;C:\devl\java\apache-maven-3.3.9\bin;C:\devl\workspaces\apache-tomcat-8.5.6\bin;C:\Program Files\MySQL\MySQL Server 5.7\bin;C:\Users\Manifest\AppData\Roaming\npm;C:\Users\Manifest\AppData\Local\atom\bin;C:\devl\workspaces\labs\groovy-2.4.7\bin;C:\devl\workspaces\labs\db-derby-10.9.1.0-bin\lib\derby.jar;C:\devl\workspaces\labs\db-derby-10.9.1.0-bin\lib\derbytools.jar;C:\devl\workspaces\grails-3.2.3\bin;C:\devl\workspaces\gradle-3.2.1\bin;C:\Program Files (x86)\Microsoft VS Code\bin;C:\Python34;."/>
    <property name="java.specification.name" value="Java Platform API Specification"/>
    <property name="java.class.version" value="51.0"/>
    <property name="sun.management.compiler" value="HotSpot 64-Bit Tiered Compilers"/>
    <property name="os.version" value="6.3"/>
    <property name="user.home" value="C:\Users\Manifest"/>
    <property name="user.timezone" value="America/New_York"/>
    <property name="java.awt.printerjob" value="sun.awt.windows.WPrinterJob"/>
    <property name="java.specification.version" value="1.7"/>
    <property name="file.encoding" value="Cp1252"/>
    <property name="user.name" value="Manifest"/>
    <property name="java.class.path" value="/C:/Users/Manifest/Desktop/sts-bundle/sts-3.8.2.RELEASE/plugins/org.eclipse.m2e.maven.runtime_1.7.0.20160603-1931/jars/plexus-classworlds-2.5.2.jar"/>
    <property name="java.vm.specification.version" value="1.7"/>
    <property name="sun.arch.data.model" value="64"/>
    <property name="java.home" value="C:\devl\java\jdk1.7.0_79\jre"/>
    <property name="sun.java.command" value="org.codehaus.plexus.classworlds.launcher.Launcher -B clean install"/>
    <property name="java.specification.vendor" value="Oracle Corporation"/>
    <property name="user.language" value="en"/>
    <property name="awt.toolkit" value="sun.awt.windows.WToolkit"/>
    <property name="java.vm.info" value="mixed mode"/>
    <property name="java.version" value="1.7.0_79"/>
    <property name="java.ext.dirs" value="C:\devl\java\jdk1.7.0_79\jre\lib\ext;C:\Windows\Sun\Java\lib\ext"/>
    <property name="sun.boot.class.path" value="C:\devl\java\jdk1.7.0_79\jre\lib\resources.jar;C:\devl\java\jdk1.7.0_79\jre\lib\rt.jar;C:\devl\java\jdk1.7.0_79\jre\lib\sunrsasign.jar;C:\devl\java\jdk1.7.0_79\jre\lib\jsse.jar;C:\devl\java\jdk1.7.0_79\jre\lib\jce.jar;C:\devl\java\jdk1.7.0_79\jre\lib\charsets.jar;C:\devl\java\jdk1.7.0_79\jre\lib\jfr.jar;C:\devl\java\jdk1.7.0_79\jre\classes"/>
    <property name="java.vendor" value="Oracle Corporation"/>
    <property name="maven.home" value="C:\devl\workspaces\labs\IQityDiceGameAssessment\IQityDiceGameAssessment\EMBEDDED"/>
    <property name="file.separator" value="\"/>
    <property name="java.vendor.url.bug" value="http://bugreport.sun.com/bugreport/"/>
    <property name="sun.cpu.endian" value="little"/>
    <property name="sun.io.unicode.encoding" value="UnicodeLittle"/>
    <property name="sun.desktop" value="windows"/>
    <property name="sun.cpu.isalist" value="amd64"/>
  </properties>
  <testcase time="0.003" classname="com.manifestcorp.IQityDiceGameAssessment.DiceScoreTest" name="testSetOf3Matching1s"/>
  <testcase time="0" classname="com.manifestcorp.IQityDiceGameAssessment.DiceScoreTest" name="testSetOf4Or5Matching1s"/>
  <testcase time="0" classname="com.manifestcorp.IQityDiceGameAssessment.DiceScoreTest" name="testSetOf3Matching2sWith1s"/>
  <testcase time="0" classname="com.manifestcorp.IQityDiceGameAssessment.DiceScoreTest" name="testSetOf3OrMoreMatching2s"/>
  <testcase time="0" classname="com.manifestcorp.IQityDiceGameAssessment.DiceScoreTest" name="testSetOf3OrMoreMatching3s"/>
  <testcase time="0" classname="com.manifestcorp.IQityDiceGameAssessment.DiceScoreTest" name="testSetOf3OrMoreMatching4s"/>
  <testcase time="0.001" classname="com.manifestcorp.IQityDiceGameAssessment.DiceScoreTest" name="testSetOf3OrMoreMatching5s"/>
  <testcase time="0" classname="com.manifestcorp.IQityDiceGameAssessment.DiceScoreTest" name="testSetOf3OrMoreMatching6s"/>
  <testcase time="0" classname="com.manifestcorp.IQityDiceGameAssessment.DiceScoreTest" name="test3Ones2Fours"/>
  <testcase time="0" classname="com.manifestcorp.IQityDiceGameAssessment.DiceScoreTest" name="testInvalidInput"/>
</testsuite>